0 silly argv {
0 silly argv   _: [ 'run' ],
0 silly argv   stream: true,
0 silly argv   lernaVersion: '3.22.1',
0 silly argv   '$0': '/Users/danielschwartz/Desktop/Projects/new-lantern/nl-ohif/node_modules/.bin/lerna',
0 silly argv   script: 'dev:lantern'
0 silly argv }
1 notice cli v3.22.1
2 verbose rootPath /Users/danielschwartz/Desktop/Projects/new-lantern/nl-ohif
3 info versioning independent
4 info Executing command in 1 package: "yarn run dev:lantern"
5 silly npmRunScript.stream [ 'dev:lantern', [], 'nl-pacs' ]
6 silly getExecOpts /Users/danielschwartz/Desktop/Projects/new-lantern/nl-ohif/nl-pacs undefined
7 error MaxBufferError: stdout maxBuffer exceeded
7 error     at PassThrough.<anonymous> (/Users/danielschwartz/Desktop/Projects/new-lantern/nl-ohif/node_modules/get-stream/index.js:41:19)
7 error     at PassThrough.emit (node:events:524:35)
7 error     at addChunk (node:internal/streams/readable:324:12)
7 error     at readableAddChunk (node:internal/streams/readable:293:11)
7 error     at Readable.push (node:internal/streams/readable:234:10)
7 error     at node:internal/streams/transform:182:12
7 error     at PassThrough._transform (node:internal/streams/passthrough:46:3)
7 error     at Transform._write (node:internal/streams/transform:175:8)
7 error     at writeOrBuffer (node:internal/streams/writable:392:12)
